# JRE version: Java(TM) SE Runtime Environment (8.0_121-b13) (build 1.8.0_121-b13)
# Java VM: Java HotSpot(TM) 64-Bit Server VM (25.121-b13 mixed mode windows-amd64 compressed oops)
Heap:
 PSYoungGen      total 106496K, used 16432K [0x0000000780980000, 0x000000078be80000, 0x00000007c0000000)
  eden space 98304K, 10% used [0x0000000780980000,0x0000000781357430,0x0000000786980000)
  from space 8192K, 77% used [0x0000000786980000,0x0000000786fb4f80,0x0000000787180000)
  to   space 8704K, 0% used [0x000000078b600000,0x000000078b600000,0x000000078be80000)
 ParOldGen       total 67072K, used 5144K [0x0000000701c00000, 0x0000000705d80000, 0x0000000780980000)
  object space 67072K, 7% used [0x0000000701c00000,0x00000007021060d0,0x0000000705d80000)
 Metaspace       used 24499K, capacity 26266K, committed 26368K, reserved 1073152K
  class space    used 3218K, capacity 3567K, committed 3584K, reserved 1048576K
GC Heap History (10 events):
Event: 4.204 GC heap before
{Heap before GC invocations=2 (full 0):
 PSYoungGen      total 57344K, used 54422K [0x0000000780980000, 0x0000000784980000, 0x00000007c0000000)
  eden space 49152K, 100% used [0x0000000780980000,0x0000000783980000,0x0000000783980000)
  from space 8192K, 64% used [0x0000000783980000,0x0000000783ea5a20,0x0000000784180000)
  to   space 8192K, 0% used [0x0000000784180000,0x0000000784180000,0x0000000784980000)
 ParOldGen       total 131072K, used 8K [0x0000000701c00000, 0x0000000709c00000, 0x0000000780980000)
  object space 131072K, 0% used [0x0000000701c00000,0x0000000701c02000,0x0000000709c00000)
 Metaspace       used 14802K, capacity 15928K, committed 16000K, reserved 1062912K
  class space    used 1907K, capacity 2154K, committed 2176K, reserved 1048576K
Event: 4.215 GC heap after
Heap after GC invocations=2 (full 0):
 PSYoungGen      total 57344K, used 6538K [0x0000000780980000, 0x0000000784980000, 0x00000007c0000000)
  eden space 49152K, 0% used [0x0000000780980000,0x0000000780980000,0x0000000783980000)
  from space 8192K, 79% used [0x0000000784180000,0x00000007847e29f0,0x0000000784980000)
  to   space 8192K, 0% used [0x0000000783980000,0x0000000783980000,0x0000000784180000)
 ParOldGen       total 131072K, used 24K [0x0000000701c00000, 0x0000000709c00000, 0x0000000780980000)
  object space 131072K, 0% used [0x0000000701c00000,0x0000000701c06000,0x0000000709c00000)
 Metaspace       used 14802K, capacity 15928K, committed 16000K, reserved 1062912K
  class space    used 1907K, capacity 2154K, committed 2176K, reserved 1048576K
}
Event: 5.282 GC heap before
{Heap before GC invocations=3 (full 0):
 PSYoungGen      total 57344K, used 55690K [0x0000000780980000, 0x0000000784980000, 0x00000007c0000000)
  eden space 49152K, 100% used [0x0000000780980000,0x0000000783980000,0x0000000783980000)
  from space 8192K, 79% used [0x0000000784180000,0x00000007847e29f0,0x0000000784980000)
  to   space 8192K, 0% used [0x0000000783980000,0x0000000783980000,0x0000000784180000)
 ParOldGen       total 131072K, used 24K [0x0000000701c00000, 0x0000000709c00000, 0x0000000780980000)
  object space 131072K, 0% used [0x0000000701c00000,0x0000000701c06000,0x0000000709c00000)
 Metaspace       used 19307K, capacity 20840K, committed 20992K, reserved 1067008K
  class space    used 2532K, capacity 2806K, committed 2816K, reserved 1048576K
Event: 5.303 GC heap after
Heap after GC invocations=3 (full 0):
 PSYoungGen      total 57344K, used 8186K [0x0000000780980000, 0x0000000787980000, 0x00000007c0000000)
  eden space 49152K, 0% used [0x0000000780980000,0x0000000780980000,0x0000000783980000)
  from space 8192K, 99% used [0x0000000783980000,0x000000078417e980,0x0000000784180000)
  to   space 8192K, 0% used [0x0000000787180000,0x0000000787180000,0x0000000787980000)
 ParOldGen       total 131072K, used 269K [0x0000000701c00000, 0x0000000709c00000, 0x0000000780980000)
  object space 131072K, 0% used [0x0000000701c00000,0x0000000701c43700,0x0000000709c00000)
 Metaspace       used 19307K, capacity 20840K, committed 20992K, reserved 1067008K
  class space    used 2532K, capacity 2806K, committed 2816K, reserved 1048576K
}
Event: 5.423 GC heap before
{Heap before GC invocations=4 (full 0):
 PSYoungGen      total 57344K, used 12143K [0x0000000780980000, 0x0000000787980000, 0x00000007c0000000)
  eden space 49152K, 8% used [0x0000000780980000,0x0000000780d5d658,0x0000000783980000)
  from space 8192K, 99% used [0x0000000783980000,0x000000078417e980,0x0000000784180000)
  to   space 8192K, 0% used [0x0000000787180000,0x0000000787180000,0x0000000787980000)
 ParOldGen       total 131072K, used 269K [0x0000000701c00000, 0x0000000709c00000, 0x0000000780980000)
  object space 131072K, 0% used [0x0000000701c00000,0x0000000701c43700,0x0000000709c00000)
 Metaspace       used 19616K, capacity 21192K, committed 21296K, reserved 1067008K
  class space    used 2573K, capacity 2902K, committed 2944K, reserved 1048576K
Event: 5.434 GC heap after
Heap after GC invocations=4 (full 0):
 PSYoungGen      total 106496K, used 5272K [0x0000000780980000, 0x0000000787980000, 0x00000007c0000000)
  eden space 98304K, 0% used [0x0000000780980000,0x0000000780980000,0x0000000786980000)
  from space 8192K, 64% used [0x0000000787180000,0x00000007876a63a0,0x0000000787980000)
  to   space 8192K, 0% used [0x0000000786980000,0x0000000786980000,0x0000000787180000)
 ParOldGen       total 131072K, used 277K [0x0000000701c00000, 0x0000000709c00000, 0x0000000780980000)
  object space 131072K, 0% used [0x0000000701c00000,0x0000000701c45700,0x0000000709c00000)
 Metaspace       used 19616K, capacity 21192K, committed 21296K, reserved 1067008K
  class space    used 2573K, capacity 2902K, committed 2944K, reserved 1048576K
}
Event: 5.434 GC heap before
{Heap before GC invocations=5 (full 1):
 PSYoungGen      total 106496K, used 5272K [0x0000000780980000, 0x0000000787980000, 0x00000007c0000000)
  eden space 98304K, 0% used [0x0000000780980000,0x0000000780980000,0x0000000786980000)
  from space 8192K, 64% used [0x0000000787180000,0x00000007876a63a0,0x0000000787980000)
  to   space 8192K, 0% used [0x0000000786980000,0x0000000786980000,0x0000000787180000)
 ParOldGen       total 131072K, used 277K [0x0000000701c00000, 0x0000000709c00000, 0x0000000780980000)
  object space 131072K, 0% used [0x0000000701c00000,0x0000000701c45700,0x0000000709c00000)
 Metaspace       used 19616K, capacity 21192K, committed 21296K, reserved 1067008K
  class space    used 2573K, capacity 2902K, committed 2944K, reserved 1048576K
Event: 5.487 GC heap after
Heap after GC invocations=5 (full 1):
 PSYoungGen      total 106496K, used 0K [0x0000000780980000, 0x0000000787980000, 0x00000007c0000000)
  eden space 98304K, 0% used [0x0000000780980000,0x0000000780980000,0x0000000786980000)
  from space 8192K, 0% used [0x0000000787180000,0x0000000787180000,0x0000000787980000)
  to   space 8192K, 0% used [0x0000000786980000,0x0000000786980000,0x0000000787180000)
 ParOldGen       total 67072K, used 5136K [0x0000000701c00000, 0x0000000705d80000, 0x0000000780980000)
  object space 67072K, 7% used [0x0000000701c00000,0x00000007021040d0,0x0000000705d80000)
 Metaspace       used 19616K, capacity 21192K, committed 21296K, reserved 1067008K
  class space    used 2573K, capacity 2902K, committed 2944K, reserved 1048576K
}
Event: 6.716 GC heap before
{Heap before GC invocations=6 (full 1):
 PSYoungGen      total 106496K, used 98304K [0x0000000780980000, 0x0000000787980000, 0x00000007c0000000)
  eden space 98304K, 100% used [0x0000000780980000,0x0000000786980000,0x0000000786980000)
  from space 8192K, 0% used [0x0000000787180000,0x0000000787180000,0x0000000787980000)
  to   space 8192K, 0% used [0x0000000786980000,0x0000000786980000,0x0000000787180000)
 ParOldGen       total 67072K, used 5136K [0x0000000701c00000, 0x0000000705d80000, 0x0000000780980000)
  object space 67072K, 7% used [0x0000000701c00000,0x00000007021040d0,0x0000000705d80000)
 Metaspace       used 24036K, capacity 25800K, committed 26112K, reserved 1071104K
  class space    used 3157K, capacity 3502K, committed 3584K, reserved 1048576K
Event: 6.724 GC heap after
Heap after GC invocations=6 (full 1):
 PSYoungGen      total 106496K, used 6355K [0x0000000780980000, 0x000000078be80000, 0x00000007c0000000)
  eden space 98304K, 0% used [0x0000000780980000,0x0000000780980000,0x0000000786980000)
  from space 8192K, 77% used [0x0000000786980000,0x0000000786fb4f80,0x0000000787180000)
  to   space 8704K, 0% used [0x000000078b600000,0x000000078b600000,0x000000078be80000)
 ParOldGen       total 67072K, used 5144K [0x0000000701c00000, 0x0000000705d80000, 0x0000000780980000)
  object space 67072K, 7% used [0x0000000701c00000,0x00000007021060d0,0x0000000705d80000)
 Metaspace       used 24036K, capacity 25800K, committed 26112K, reserved 1071104K
  class space    used 3157K, capacity 3502K, committed 3584K, reserved 1048576K
}

